{"/home/runner/work/java-resumes/java-resumes/frontend/src/components/Common/ErrorBoundary.tsx": {"path":"/home/runner/work/java-resumes/java-resumes/frontend/src/components/Common/ErrorBoundary.tsx","statementMap":{"0":{"start":{"line":16,"column":4},"end":{"line":16,"column":null}},"1":{"start":{"line":17,"column":4},"end":{"line":17,"column":null}},"2":{"start":{"line":21,"column":4},"end":{"line":21,"column":null}},"3":{"start":{"line":25,"column":4},"end":{"line":25,"column":null}},"4":{"start":{"line":29,"column":4},"end":{"line":38,"column":null}},"5":{"start":{"line":30,"column":6},"end":{"line":36,"column":null}},"6":{"start":{"line":40,"column":4},"end":{"line":40,"column":null}}},"fnMap":{"0":{"name":"(anonymous_0)","decl":{"start":{"line":15,"column":2},"end":{"line":15,"column":14}},"loc":{"start":{"line":15,"column":28},"end":{"line":18,"column":null}},"line":15},"1":{"name":"(anonymous_1)","decl":{"start":{"line":20,"column":9},"end":{"line":20,"column":34}},"loc":{"start":{"line":20,"column":55},"end":{"line":22,"column":null}},"line":20},"2":{"name":"(anonymous_2)","decl":{"start":{"line":24,"column":2},"end":{"line":24,"column":20}},"loc":{"start":{"line":24,"column":68},"end":{"line":26,"column":null}},"line":24},"3":{"name":"(anonymous_3)","decl":{"start":{"line":28,"column":2},"end":{"line":28,"column":11}},"loc":{"start":{"line":28,"column":11},"end":{"line":41,"column":null}},"line":28}},"branchMap":{"0":{"loc":{"start":{"line":29,"column":4},"end":{"line":38,"column":null}},"type":"if","locations":[{"start":{"line":29,"column":4},"end":{"line":38,"column":null}},{"start":{},"end":{}}],"line":29},"1":{"loc":{"start":{"line":34,"column":51},"end":{"line":34,"column":95}},"type":"binary-expr","locations":[{"start":{"line":34,"column":51},"end":{"line":34,"column":80}},{"start":{"line":34,"column":80},"end":{"line":34,"column":95}}],"line":34}},"s":{"0":8,"1":8,"2":6,"3":3,"4":13,"5":6,"6":7},"f":{"0":8,"1":1,"2":3,"3":13},"b":{"0":[6,7],"1":[6,0]},"meta":{"lastBranch":2,"lastFunction":4,"lastStatement":7,"seen":{"f:15:2:15:14":0,"s:16:4:16:Infinity":0,"s:17:4:17:Infinity":1,"f:20:9:20:34":1,"s:21:4:21:Infinity":2,"f:24:2:24:20":2,"s:25:4:25:Infinity":3,"f:28:2:28:11":3,"b:29:4:38:Infinity:undefined:undefined:undefined:undefined":0,"s:29:4:38:Infinity":4,"s:30:6:36:Infinity":5,"b:34:51:34:80:34:80:34:95":1,"s:40:4:40:Infinity":6}}}
,"/home/runner/work/java-resumes/java-resumes/frontend/src/components/Common/LoadingSpinner.tsx": {"path":"/home/runner/work/java-resumes/java-resumes/frontend/src/components/Common/LoadingSpinner.tsx","statementMap":{"0":{"start":{"line":9,"column":61},"end":{"line":23,"column":null}},"1":{"start":{"line":13,"column":25},"end":{"line":15,"column":null}},"2":{"start":{"line":17,"column":2},"end":{"line":21,"column":null}}},"fnMap":{"0":{"name":"(anonymous_0)","decl":{"start":{"line":9,"column":61},"end":{"line":9,"column":62}},"loc":{"start":{"line":12,"column":6},"end":{"line":23,"column":null}},"line":12}},"branchMap":{"0":{"loc":{"start":{"line":10,"column":2},"end":{"line":10,"column":null}},"type":"default-arg","locations":[{"start":{"line":10,"column":12},"end":{"line":10,"column":null}}],"line":10},"1":{"loc":{"start":{"line":11,"column":2},"end":{"line":11,"column":null}},"type":"default-arg","locations":[{"start":{"line":11,"column":15},"end":{"line":11,"column":null}}],"line":11},"2":{"loc":{"start":{"line":13,"column":25},"end":{"line":15,"column":null}},"type":"cond-expr","locations":[{"start":{"line":14,"column":6},"end":{"line":14,"column":null}},{"start":{"line":15,"column":6},"end":{"line":15,"column":null}}],"line":13},"3":{"loc":{"start":{"line":20,"column":7},"end":{"line":20,"column":null}},"type":"binary-expr","locations":[{"start":{"line":20,"column":7},"end":{"line":20,"column":18}},{"start":{"line":20,"column":18},"end":{"line":20,"column":null}}],"line":20}},"s":{"0":4,"1":6,"2":6},"f":{"0":6},"b":{"0":[6],"1":[6],"2":[1,5],"3":[6,5]},"meta":{"lastBranch":4,"lastFunction":1,"lastStatement":3,"seen":{"s:9:61:23:Infinity":0,"f:9:61:9:62":0,"b:10:12:10:Infinity":0,"b:11:15:11:Infinity":1,"s:13:25:15:Infinity":1,"b:14:6:14:Infinity:15:6:15:Infinity":2,"s:17:2:21:Infinity":2,"b:20:7:20:18:20:18:20:Infinity":3}}}
,"/home/runner/work/java-resumes/java-resumes/frontend/src/components/Common/SubmissionDialog.tsx": {"path":"/home/runner/work/java-resumes/java-resumes/frontend/src/components/Common/SubmissionDialog.tsx","statementMap":{"0":{"start":{"line":9,"column":65},"end":{"line":74,"column":null}},"1":{"start":{"line":10,"column":40},"end":{"line":10,"column":null}},"2":{"start":{"line":12,"column":2},"end":{"line":30,"column":null}},"3":{"start":{"line":13,"column":4},"end":{"line":16,"column":null}},"4":{"start":{"line":14,"column":6},"end":{"line":14,"column":null}},"5":{"start":{"line":15,"column":6},"end":{"line":15,"column":null}},"6":{"start":{"line":19,"column":18},"end":{"line":27,"column":null}},"7":{"start":{"line":20,"column":6},"end":{"line":26,"column":null}},"8":{"start":{"line":21,"column":8},"end":{"line":24,"column":null}},"9":{"start":{"line":22,"column":10},"end":{"line":22,"column":null}},"10":{"start":{"line":23,"column":10},"end":{"line":23,"column":null}},"11":{"start":{"line":25,"column":8},"end":{"line":25,"column":null}},"12":{"start":{"line":29,"column":4},"end":{"line":29,"column":null}},"13":{"start":{"line":29,"column":17},"end":{"line":29,"column":null}},"14":{"start":{"line":32,"column":2},"end":{"line":72,"column":null}}},"fnMap":{"0":{"name":"(anonymous_0)","decl":{"start":{"line":9,"column":65},"end":{"line":9,"column":66}},"loc":{"start":{"line":9,"column":90},"end":{"line":74,"column":null}},"line":9},"1":{"name":"(anonymous_1)","decl":{"start":{"line":12,"column":12},"end":{"line":12,"column":18}},"loc":{"start":{"line":12,"column":18},"end":{"line":30,"column":5}},"line":12},"2":{"name":"(anonymous_2)","decl":{"start":{"line":19,"column":30},"end":{"line":19,"column":36}},"loc":{"start":{"line":19,"column":36},"end":{"line":27,"column":7}},"line":19},"3":{"name":"(anonymous_3)","decl":{"start":{"line":20,"column":23},"end":{"line":20,"column":31}},"loc":{"start":{"line":20,"column":31},"end":{"line":26,"column":7}},"line":20},"4":{"name":"(anonymous_4)","decl":{"start":{"line":29,"column":11},"end":{"line":29,"column":17}},"loc":{"start":{"line":29,"column":17},"end":{"line":29,"column":null}},"line":29}},"branchMap":{"0":{"loc":{"start":{"line":13,"column":4},"end":{"line":16,"column":null}},"type":"if","locations":[{"start":{"line":13,"column":4},"end":{"line":16,"column":null}},{"start":{},"end":{}}],"line":13},"1":{"loc":{"start":{"line":21,"column":8},"end":{"line":24,"column":null}},"type":"if","locations":[{"start":{"line":21,"column":8},"end":{"line":24,"column":null}},{"start":{},"end":{}}],"line":21}},"s":{"0":1,"1":5,"2":5,"3":5,"4":1,"5":1,"6":4,"7":0,"8":0,"9":0,"10":0,"11":0,"12":4,"13":4,"14":5},"f":{"0":5,"1":5,"2":0,"3":0,"4":4},"b":{"0":[1,4],"1":[0,0]},"meta":{"lastBranch":2,"lastFunction":5,"lastStatement":15,"seen":{"s:9:65:74:Infinity":0,"f:9:65:9:66":0,"s:10:40:10:Infinity":1,"s:12:2:30:Infinity":2,"f:12:12:12:18":1,"b:13:4:16:Infinity:undefined:undefined:undefined:undefined":0,"s:13:4:16:Infinity":3,"s:14:6:14:Infinity":4,"s:15:6:15:Infinity":5,"s:19:18:27:Infinity":6,"f:19:30:19:36":2,"s:20:6:26:Infinity":7,"f:20:23:20:31":3,"b:21:8:24:Infinity:undefined:undefined:undefined:undefined":1,"s:21:8:24:Infinity":8,"s:22:10:22:Infinity":9,"s:23:10:23:Infinity":10,"s:25:8:25:Infinity":11,"s:29:4:29:Infinity":12,"f:29:11:29:17":4,"s:29:17:29:Infinity":13,"s:32:2:72:Infinity":14}}}
,"/home/runner/work/java-resumes/java-resumes/frontend/src/components/Forms/MarkdownToDocxForm.tsx": {"path":"/home/runner/work/java-resumes/java-resumes/frontend/src/components/Forms/MarkdownToDocxForm.tsx","statementMap":{"0":{"start":{"line":14,"column":44},"end":{"line":171,"column":null}},"1":{"start":{"line":15,"column":38},"end":{"line":15,"column":null}},"2":{"start":{"line":16,"column":40},"end":{"line":16,"column":null}},"3":{"start":{"line":17,"column":24},"end":{"line":17,"column":null}},"4":{"start":{"line":19,"column":33},"end":{"line":19,"column":null}},"5":{"start":{"line":20,"column":8},"end":{"line":20,"column":null}},"6":{"start":{"line":22,"column":27},"end":{"line":36,"column":null}},"7":{"start":{"line":23,"column":17},"end":{"line":23,"column":null}},"8":{"start":{"line":24,"column":4},"end":{"line":24,"column":null}},"9":{"start":{"line":24,"column":15},"end":{"line":24,"column":null}},"10":{"start":{"line":26,"column":10},"end":{"line":26,"column":null}},"11":{"start":{"line":27,"column":4},"end":{"line":31,"column":null}},"12":{"start":{"line":28,"column":6},"end":{"line":28,"column":null}},"13":{"start":{"line":29,"column":6},"end":{"line":29,"column":null}},"14":{"start":{"line":30,"column":6},"end":{"line":30,"column":null}},"15":{"start":{"line":33,"column":4},"end":{"line":33,"column":null}},"16":{"start":{"line":34,"column":4},"end":{"line":34,"column":null}},"17":{"start":{"line":35,"column":4},"end":{"line":35,"column":null}},"18":{"start":{"line":38,"column":24},"end":{"line":51,"column":null}},"19":{"start":{"line":39,"column":4},"end":{"line":42,"column":null}},"20":{"start":{"line":40,"column":6},"end":{"line":40,"column":null}},"21":{"start":{"line":41,"column":6},"end":{"line":41,"column":null}},"22":{"start":{"line":44,"column":4},"end":{"line":50,"column":null}},"23":{"start":{"line":45,"column":19},"end":{"line":45,"column":null}},"24":{"start":{"line":45,"column":50},"end":{"line":45,"column":97}},"25":{"start":{"line":46,"column":6},"end":{"line":46,"column":null}},"26":{"start":{"line":47,"column":6},"end":{"line":47,"column":null}},"27":{"start":{"line":49,"column":6},"end":{"line":49,"column":null}},"28":{"start":{"line":53,"column":25},"end":{"line":59,"column":null}},"29":{"start":{"line":54,"column":4},"end":{"line":58,"column":null}},"30":{"start":{"line":55,"column":27},"end":{"line":55,"column":null}},"31":{"start":{"line":56,"column":6},"end":{"line":56,"column":null}},"32":{"start":{"line":57,"column":6},"end":{"line":57,"column":null}},"33":{"start":{"line":61,"column":22},"end":{"line":65,"column":null}},"34":{"start":{"line":62,"column":4},"end":{"line":62,"column":null}},"35":{"start":{"line":63,"column":4},"end":{"line":63,"column":null}},"36":{"start":{"line":64,"column":4},"end":{"line":64,"column":null}},"37":{"start":{"line":67,"column":2},"end":{"line":169,"column":null}}},"fnMap":{"0":{"name":"(anonymous_0)","decl":{"start":{"line":14,"column":44},"end":{"line":14,"column":50}},"loc":{"start":{"line":14,"column":50},"end":{"line":171,"column":null}},"line":14},"1":{"name":"(anonymous_1)","decl":{"start":{"line":22,"column":27},"end":{"line":22,"column":28}},"loc":{"start":{"line":22,"column":53},"end":{"line":36,"column":null}},"line":22},"2":{"name":"(anonymous_2)","decl":{"start":{"line":38,"column":24},"end":{"line":38,"column":36}},"loc":{"start":{"line":38,"column":36},"end":{"line":51,"column":null}},"line":38},"3":{"name":"(anonymous_3)","decl":{"start":{"line":45,"column":44},"end":{"line":45,"column":50}},"loc":{"start":{"line":45,"column":50},"end":{"line":45,"column":97}},"line":45},"4":{"name":"(anonymous_4)","decl":{"start":{"line":53,"column":25},"end":{"line":53,"column":31}},"loc":{"start":{"line":53,"column":31},"end":{"line":59,"column":null}},"line":53},"5":{"name":"(anonymous_5)","decl":{"start":{"line":61,"column":22},"end":{"line":61,"column":28}},"loc":{"start":{"line":61,"column":28},"end":{"line":65,"column":null}},"line":61}},"branchMap":{"0":{"loc":{"start":{"line":24,"column":4},"end":{"line":24,"column":null}},"type":"if","locations":[{"start":{"line":24,"column":4},"end":{"line":24,"column":null}},{"start":{},"end":{}}],"line":24},"1":{"loc":{"start":{"line":27,"column":4},"end":{"line":31,"column":null}},"type":"if","locations":[{"start":{"line":27,"column":4},"end":{"line":31,"column":null}},{"start":{},"end":{}}],"line":27},"2":{"loc":{"start":{"line":28,"column":15},"end":{"line":28,"column":49}},"type":"binary-expr","locations":[{"start":{"line":28,"column":15},"end":{"line":28,"column":35}},{"start":{"line":28,"column":35},"end":{"line":28,"column":49}}],"line":28},"3":{"loc":{"start":{"line":39,"column":4},"end":{"line":42,"column":null}},"type":"if","locations":[{"start":{"line":39,"column":4},"end":{"line":42,"column":null}},{"start":{},"end":{}}],"line":39},"4":{"loc":{"start":{"line":49,"column":17},"end":{"line":49,"column":79}},"type":"binary-expr","locations":[{"start":{"line":49,"column":17},"end":{"line":49,"column":43}},{"start":{"line":49,"column":43},"end":{"line":49,"column":79}}],"line":49},"5":{"loc":{"start":{"line":54,"column":4},"end":{"line":58,"column":null}},"type":"if","locations":[{"start":{"line":54,"column":4},"end":{"line":58,"column":null}},{"start":{},"end":{}}],"line":54},"6":{"loc":{"start":{"line":54,"column":8},"end":{"line":54,"column":39}},"type":"binary-expr","locations":[{"start":{"line":54,"column":8},"end":{"line":54,"column":25}},{"start":{"line":54,"column":25},"end":{"line":54,"column":39}}],"line":54},"7":{"loc":{"start":{"line":82,"column":11},"end":{"line":82,"column":null}},"type":"binary-expr","locations":[{"start":{"line":82,"column":11},"end":{"line":82,"column":20}},{"start":{"line":82,"column":20},"end":{"line":82,"column":null}}],"line":82},"8":{"loc":{"start":{"line":83,"column":11},"end":{"line":88,"column":null}},"type":"binary-expr","locations":[{"start":{"line":83,"column":11},"end":{"line":83,"column":null}},{"start":{"line":84,"column":12},"end":{"line":88,"column":null}}],"line":83},"9":{"loc":{"start":{"line":134,"column":24},"end":{"line":134,"column":null}},"type":"binary-expr","locations":[{"start":{"line":134,"column":24},"end":{"line":134,"column":41}},{"start":{"line":134,"column":41},"end":{"line":134,"column":null}}],"line":134},"10":{"loc":{"start":{"line":145,"column":13},"end":{"line":154,"column":null}},"type":"binary-expr","locations":[{"start":{"line":145,"column":13},"end":{"line":145,"column":null}},{"start":{"line":146,"column":14},"end":{"line":154,"column":null}}],"line":145},"11":{"loc":{"start":{"line":158,"column":11},"end":{"line":163,"column":null}},"type":"binary-expr","locations":[{"start":{"line":158,"column":11},"end":{"line":158,"column":null}},{"start":{"line":159,"column":12},"end":{"line":163,"column":null}}],"line":158},"12":{"loc":{"start":{"line":167,"column":9},"end":{"line":167,"column":null}},"type":"binary-expr","locations":[{"start":{"line":167,"column":9},"end":{"line":167,"column":31}},{"start":{"line":167,"column":31},"end":{"line":167,"column":null}}],"line":167}},"s":{"0":2,"1":12,"2":12,"3":12,"4":12,"5":12,"6":12,"7":0,"8":0,"9":0,"10":0,"11":0,"12":0,"13":0,"14":0,"15":0,"16":0,"17":0,"18":12,"19":0,"20":0,"21":0,"22":0,"23":0,"24":0,"25":0,"26":0,"27":0,"28":12,"29":0,"30":0,"31":0,"32":0,"33":12,"34":0,"35":0,"36":0,"37":12},"f":{"0":12,"1":0,"2":0,"3":0,"4":0,"5":0},"b":{"0":[0,0],"1":[0,0],"2":[0,0],"3":[0,0],"4":[0,0],"5":[0,0],"6":[0,0],"7":[12,0],"8":[12,0],"9":[12,0],"10":[12,0],"11":[12,0],"12":[12,0]},"meta":{"lastBranch":13,"lastFunction":6,"lastStatement":38,"seen":{"s:14:44:171:Infinity":0,"f:14:44:14:50":0,"s:15:38:15:Infinity":1,"s:16:40:16:Infinity":2,"s:17:24:17:Infinity":3,"s:19:33:19:Infinity":4,"s:20:8:20:Infinity":5,"s:22:27:36:Infinity":6,"f:22:27:22:28":1,"s:23:17:23:Infinity":7,"b:24:4:24:Infinity:undefined:undefined:undefined:undefined":0,"s:24:4:24:Infinity":8,"s:24:15:24:Infinity":9,"s:26:10:26:Infinity":10,"b:27:4:31:Infinity:undefined:undefined:undefined:undefined":1,"s:27:4:31:Infinity":11,"s:28:6:28:Infinity":12,"b:28:15:28:35:28:35:28:49":2,"s:29:6:29:Infinity":13,"s:30:6:30:Infinity":14,"s:33:4:33:Infinity":15,"s:34:4:34:Infinity":16,"s:35:4:35:Infinity":17,"s:38:24:51:Infinity":18,"f:38:24:38:36":2,"b:39:4:42:Infinity:undefined:undefined:undefined:undefined":3,"s:39:4:42:Infinity":19,"s:40:6:40:Infinity":20,"s:41:6:41:Infinity":21,"s:44:4:50:Infinity":22,"s:45:19:45:Infinity":23,"f:45:44:45:50":3,"s:45:50:45:97":24,"s:46:6:46:Infinity":25,"s:47:6:47:Infinity":26,"s:49:6:49:Infinity":27,"b:49:17:49:43:49:43:49:79":4,"s:53:25:59:Infinity":28,"f:53:25:53:31":4,"b:54:4:58:Infinity:undefined:undefined:undefined:undefined":5,"s:54:4:58:Infinity":29,"b:54:8:54:25:54:25:54:39":6,"s:55:27:55:Infinity":30,"s:56:6:56:Infinity":31,"s:57:6:57:Infinity":32,"s:61:22:65:Infinity":33,"f:61:22:61:28":5,"s:62:4:62:Infinity":34,"s:63:4:63:Infinity":35,"s:64:4:64:Infinity":36,"s:67:2:169:Infinity":37,"b:82:11:82:20:82:20:82:Infinity":7,"b:83:11:83:Infinity:84:12:88:Infinity":8,"b:134:24:134:41:134:41:134:Infinity":9,"b:145:13:145:Infinity:146:14:154:Infinity":10,"b:158:11:158:Infinity:159:12:163:Infinity":11,"b:167:9:167:31:167:31:167:Infinity":12}}}
,"/home/runner/work/java-resumes/java-resumes/frontend/src/components/Forms/MarkdownToPdfForm.tsx": {"path":"/home/runner/work/java-resumes/java-resumes/frontend/src/components/Forms/MarkdownToPdfForm.tsx","statementMap":{"0":{"start":{"line":14,"column":43},"end":{"line":171,"column":null}},"1":{"start":{"line":15,"column":38},"end":{"line":15,"column":null}},"2":{"start":{"line":16,"column":38},"end":{"line":16,"column":null}},"3":{"start":{"line":17,"column":24},"end":{"line":17,"column":null}},"4":{"start":{"line":19,"column":33},"end":{"line":19,"column":null}},"5":{"start":{"line":20,"column":8},"end":{"line":20,"column":null}},"6":{"start":{"line":22,"column":27},"end":{"line":36,"column":null}},"7":{"start":{"line":23,"column":17},"end":{"line":23,"column":null}},"8":{"start":{"line":24,"column":4},"end":{"line":24,"column":null}},"9":{"start":{"line":24,"column":15},"end":{"line":24,"column":null}},"10":{"start":{"line":26,"column":10},"end":{"line":26,"column":null}},"11":{"start":{"line":27,"column":4},"end":{"line":31,"column":null}},"12":{"start":{"line":28,"column":6},"end":{"line":28,"column":null}},"13":{"start":{"line":29,"column":6},"end":{"line":29,"column":null}},"14":{"start":{"line":30,"column":6},"end":{"line":30,"column":null}},"15":{"start":{"line":33,"column":4},"end":{"line":33,"column":null}},"16":{"start":{"line":34,"column":4},"end":{"line":34,"column":null}},"17":{"start":{"line":35,"column":4},"end":{"line":35,"column":null}},"18":{"start":{"line":38,"column":24},"end":{"line":51,"column":null}},"19":{"start":{"line":39,"column":4},"end":{"line":42,"column":null}},"20":{"start":{"line":40,"column":6},"end":{"line":40,"column":null}},"21":{"start":{"line":41,"column":6},"end":{"line":41,"column":null}},"22":{"start":{"line":44,"column":4},"end":{"line":50,"column":null}},"23":{"start":{"line":45,"column":18},"end":{"line":45,"column":null}},"24":{"start":{"line":45,"column":49},"end":{"line":45,"column":95}},"25":{"start":{"line":46,"column":6},"end":{"line":46,"column":null}},"26":{"start":{"line":47,"column":6},"end":{"line":47,"column":null}},"27":{"start":{"line":49,"column":6},"end":{"line":49,"column":null}},"28":{"start":{"line":53,"column":25},"end":{"line":59,"column":null}},"29":{"start":{"line":54,"column":4},"end":{"line":58,"column":null}},"30":{"start":{"line":55,"column":26},"end":{"line":55,"column":null}},"31":{"start":{"line":56,"column":6},"end":{"line":56,"column":null}},"32":{"start":{"line":57,"column":6},"end":{"line":57,"column":null}},"33":{"start":{"line":61,"column":22},"end":{"line":65,"column":null}},"34":{"start":{"line":62,"column":4},"end":{"line":62,"column":null}},"35":{"start":{"line":63,"column":4},"end":{"line":63,"column":null}},"36":{"start":{"line":64,"column":4},"end":{"line":64,"column":null}},"37":{"start":{"line":67,"column":2},"end":{"line":169,"column":null}}},"fnMap":{"0":{"name":"(anonymous_0)","decl":{"start":{"line":14,"column":43},"end":{"line":14,"column":49}},"loc":{"start":{"line":14,"column":49},"end":{"line":171,"column":null}},"line":14},"1":{"name":"(anonymous_1)","decl":{"start":{"line":22,"column":27},"end":{"line":22,"column":28}},"loc":{"start":{"line":22,"column":53},"end":{"line":36,"column":null}},"line":22},"2":{"name":"(anonymous_2)","decl":{"start":{"line":38,"column":24},"end":{"line":38,"column":36}},"loc":{"start":{"line":38,"column":36},"end":{"line":51,"column":null}},"line":38},"3":{"name":"(anonymous_3)","decl":{"start":{"line":45,"column":43},"end":{"line":45,"column":49}},"loc":{"start":{"line":45,"column":49},"end":{"line":45,"column":95}},"line":45},"4":{"name":"(anonymous_4)","decl":{"start":{"line":53,"column":25},"end":{"line":53,"column":31}},"loc":{"start":{"line":53,"column":31},"end":{"line":59,"column":null}},"line":53},"5":{"name":"(anonymous_5)","decl":{"start":{"line":61,"column":22},"end":{"line":61,"column":28}},"loc":{"start":{"line":61,"column":28},"end":{"line":65,"column":null}},"line":61}},"branchMap":{"0":{"loc":{"start":{"line":24,"column":4},"end":{"line":24,"column":null}},"type":"if","locations":[{"start":{"line":24,"column":4},"end":{"line":24,"column":null}},{"start":{},"end":{}}],"line":24},"1":{"loc":{"start":{"line":27,"column":4},"end":{"line":31,"column":null}},"type":"if","locations":[{"start":{"line":27,"column":4},"end":{"line":31,"column":null}},{"start":{},"end":{}}],"line":27},"2":{"loc":{"start":{"line":28,"column":15},"end":{"line":28,"column":49}},"type":"binary-expr","locations":[{"start":{"line":28,"column":15},"end":{"line":28,"column":35}},{"start":{"line":28,"column":35},"end":{"line":28,"column":49}}],"line":28},"3":{"loc":{"start":{"line":39,"column":4},"end":{"line":42,"column":null}},"type":"if","locations":[{"start":{"line":39,"column":4},"end":{"line":42,"column":null}},{"start":{},"end":{}}],"line":39},"4":{"loc":{"start":{"line":49,"column":17},"end":{"line":49,"column":78}},"type":"binary-expr","locations":[{"start":{"line":49,"column":17},"end":{"line":49,"column":43}},{"start":{"line":49,"column":43},"end":{"line":49,"column":78}}],"line":49},"5":{"loc":{"start":{"line":54,"column":4},"end":{"line":58,"column":null}},"type":"if","locations":[{"start":{"line":54,"column":4},"end":{"line":58,"column":null}},{"start":{},"end":{}}],"line":54},"6":{"loc":{"start":{"line":54,"column":8},"end":{"line":54,"column":38}},"type":"binary-expr","locations":[{"start":{"line":54,"column":8},"end":{"line":54,"column":24}},{"start":{"line":54,"column":24},"end":{"line":54,"column":38}}],"line":54},"7":{"loc":{"start":{"line":82,"column":11},"end":{"line":82,"column":null}},"type":"binary-expr","locations":[{"start":{"line":82,"column":11},"end":{"line":82,"column":20}},{"start":{"line":82,"column":20},"end":{"line":82,"column":null}}],"line":82},"8":{"loc":{"start":{"line":83,"column":11},"end":{"line":88,"column":null}},"type":"binary-expr","locations":[{"start":{"line":83,"column":11},"end":{"line":83,"column":null}},{"start":{"line":84,"column":12},"end":{"line":88,"column":null}}],"line":83},"9":{"loc":{"start":{"line":134,"column":24},"end":{"line":134,"column":null}},"type":"binary-expr","locations":[{"start":{"line":134,"column":24},"end":{"line":134,"column":41}},{"start":{"line":134,"column":41},"end":{"line":134,"column":null}}],"line":134},"10":{"loc":{"start":{"line":145,"column":13},"end":{"line":154,"column":null}},"type":"binary-expr","locations":[{"start":{"line":145,"column":13},"end":{"line":145,"column":null}},{"start":{"line":146,"column":14},"end":{"line":154,"column":null}}],"line":145},"11":{"loc":{"start":{"line":158,"column":11},"end":{"line":163,"column":null}},"type":"binary-expr","locations":[{"start":{"line":158,"column":11},"end":{"line":158,"column":null}},{"start":{"line":159,"column":12},"end":{"line":163,"column":null}}],"line":158},"12":{"loc":{"start":{"line":167,"column":9},"end":{"line":167,"column":null}},"type":"binary-expr","locations":[{"start":{"line":167,"column":9},"end":{"line":167,"column":31}},{"start":{"line":167,"column":31},"end":{"line":167,"column":null}}],"line":167}},"s":{"0":2,"1":8,"2":8,"3":8,"4":8,"5":8,"6":8,"7":0,"8":0,"9":0,"10":0,"11":0,"12":0,"13":0,"14":0,"15":0,"16":0,"17":0,"18":8,"19":0,"20":0,"21":0,"22":0,"23":0,"24":0,"25":0,"26":0,"27":0,"28":8,"29":0,"30":0,"31":0,"32":0,"33":8,"34":0,"35":0,"36":0,"37":8},"f":{"0":8,"1":0,"2":0,"3":0,"4":0,"5":0},"b":{"0":[0,0],"1":[0,0],"2":[0,0],"3":[0,0],"4":[0,0],"5":[0,0],"6":[0,0],"7":[8,0],"8":[8,0],"9":[8,0],"10":[8,0],"11":[8,0],"12":[8,0]},"meta":{"lastBranch":13,"lastFunction":6,"lastStatement":38,"seen":{"s:14:43:171:Infinity":0,"f:14:43:14:49":0,"s:15:38:15:Infinity":1,"s:16:38:16:Infinity":2,"s:17:24:17:Infinity":3,"s:19:33:19:Infinity":4,"s:20:8:20:Infinity":5,"s:22:27:36:Infinity":6,"f:22:27:22:28":1,"s:23:17:23:Infinity":7,"b:24:4:24:Infinity:undefined:undefined:undefined:undefined":0,"s:24:4:24:Infinity":8,"s:24:15:24:Infinity":9,"s:26:10:26:Infinity":10,"b:27:4:31:Infinity:undefined:undefined:undefined:undefined":1,"s:27:4:31:Infinity":11,"s:28:6:28:Infinity":12,"b:28:15:28:35:28:35:28:49":2,"s:29:6:29:Infinity":13,"s:30:6:30:Infinity":14,"s:33:4:33:Infinity":15,"s:34:4:34:Infinity":16,"s:35:4:35:Infinity":17,"s:38:24:51:Infinity":18,"f:38:24:38:36":2,"b:39:4:42:Infinity:undefined:undefined:undefined:undefined":3,"s:39:4:42:Infinity":19,"s:40:6:40:Infinity":20,"s:41:6:41:Infinity":21,"s:44:4:50:Infinity":22,"s:45:18:45:Infinity":23,"f:45:43:45:49":3,"s:45:49:45:95":24,"s:46:6:46:Infinity":25,"s:47:6:47:Infinity":26,"s:49:6:49:Infinity":27,"b:49:17:49:43:49:43:49:78":4,"s:53:25:59:Infinity":28,"f:53:25:53:31":4,"b:54:4:58:Infinity:undefined:undefined:undefined:undefined":5,"s:54:4:58:Infinity":29,"b:54:8:54:24:54:24:54:38":6,"s:55:26:55:Infinity":30,"s:56:6:56:Infinity":31,"s:57:6:57:Infinity":32,"s:61:22:65:Infinity":33,"f:61:22:61:28":5,"s:62:4:62:Infinity":34,"s:63:4:63:Infinity":35,"s:64:4:64:Infinity":36,"s:67:2:169:Infinity":37,"b:82:11:82:20:82:20:82:Infinity":7,"b:83:11:83:Infinity:84:12:88:Infinity":8,"b:134:24:134:41:134:41:134:Infinity":9,"b:145:13:145:Infinity:146:14:154:Infinity":10,"b:158:11:158:Infinity:159:12:163:Infinity":11,"b:167:9:167:31:167:31:167:Infinity":12}}}
,"/home/runner/work/java-resumes/java-resumes/frontend/src/components/Layout/Navbar.tsx": {"path":"/home/runner/work/java-resumes/java-resumes/frontend/src/components/Layout/Navbar.tsx","statementMap":{"0":{"start":{"line":5,"column":32},"end":{"line":38,"column":null}},"1":{"start":{"line":6,"column":30},"end":{"line":6,"column":null}},"2":{"start":{"line":9,"column":4},"end":{"line":27,"column":null}},"3":{"start":{"line":30,"column":2},"end":{"line":36,"column":null}}},"fnMap":{"0":{"name":"(anonymous_0)","decl":{"start":{"line":5,"column":32},"end":{"line":5,"column":38}},"loc":{"start":{"line":5,"column":38},"end":{"line":38,"column":null}},"line":5}},"branchMap":{"0":{"loc":{"start":{"line":17,"column":14},"end":{"line":17,"column":null}},"type":"cond-expr","locations":[{"start":{"line":17,"column":23},"end":{"line":17,"column":37}},{"start":{"line":17,"column":37},"end":{"line":17,"column":null}}],"line":17},"1":{"loc":{"start":{"line":21,"column":18},"end":{"line":21,"column":null}},"type":"cond-expr","locations":[{"start":{"line":21,"column":27},"end":{"line":21,"column":39}},{"start":{"line":21,"column":39},"end":{"line":21,"column":null}}],"line":21},"2":{"loc":{"start":{"line":24,"column":17},"end":{"line":24,"column":null}},"type":"cond-expr","locations":[{"start":{"line":24,"column":26},"end":{"line":24,"column":51}},{"start":{"line":24,"column":51},"end":{"line":24,"column":null}}],"line":24}},"s":{"0":1,"1":5,"2":5,"3":5},"f":{"0":5},"b":{"0":[1,4],"1":[1,4],"2":[1,4]},"meta":{"lastBranch":3,"lastFunction":1,"lastStatement":4,"seen":{"s:5:32:38:Infinity":0,"f:5:32:5:38":0,"s:6:30:6:Infinity":1,"s:9:4:27:Infinity":2,"b:17:23:17:37:17:37:17:Infinity":0,"b:21:27:21:39:21:39:21:Infinity":1,"b:24:26:24:51:24:51:24:Infinity":2,"s:30:2:36:Infinity":3}}}
,"/home/runner/work/java-resumes/java-resumes/frontend/src/components/Tabs/AdditionalToolsTab.tsx": {"path":"/home/runner/work/java-resumes/java-resumes/frontend/src/components/Tabs/AdditionalToolsTab.tsx","statementMap":{"0":{"start":{"line":5,"column":44},"end":{"line":14,"column":null}},"1":{"start":{"line":6,"column":2},"end":{"line":12,"column":null}}},"fnMap":{"0":{"name":"(anonymous_0)","decl":{"start":{"line":5,"column":44},"end":{"line":5,"column":50}},"loc":{"start":{"line":5,"column":50},"end":{"line":14,"column":null}},"line":5}},"branchMap":{},"s":{"0":1,"1":3},"f":{"0":3},"b":{},"meta":{"lastBranch":0,"lastFunction":1,"lastStatement":2,"seen":{"s:5:44:14:Infinity":0,"f:5:44:5:50":0,"s:6:2:12:Infinity":1}}}
,"/home/runner/work/java-resumes/java-resumes/frontend/src/context/ThemeContext.tsx": {"path":"/home/runner/work/java-resumes/java-resumes/frontend/src/context/ThemeContext.tsx","statementMap":{"0":{"start":{"line":13,"column":6},"end":{"line":13,"column":null}},"1":{"start":{"line":15,"column":64},"end":{"line":51,"column":null}},"2":{"start":{"line":16,"column":24},"end":{"line":19,"column":null}},"3":{"start":{"line":17,"column":19},"end":{"line":17,"column":null}},"4":{"start":{"line":18,"column":4},"end":{"line":18,"column":null}},"5":{"start":{"line":21,"column":2},"end":{"line":40,"column":null}},"6":{"start":{"line":22,"column":22},"end":{"line":22,"column":null}},"7":{"start":{"line":23,"column":22},"end":{"line":23,"column":null}},"8":{"start":{"line":25,"column":4},"end":{"line":37,"column":null}},"9":{"start":{"line":26,"column":6},"end":{"line":26,"column":null}},"10":{"start":{"line":28,"column":19},"end":{"line":28,"column":null}},"11":{"start":{"line":29,"column":6},"end":{"line":29,"column":null}},"12":{"start":{"line":30,"column":6},"end":{"line":30,"column":null}},"13":{"start":{"line":31,"column":6},"end":{"line":31,"column":null}},"14":{"start":{"line":33,"column":6},"end":{"line":35,"column":null}},"15":{"start":{"line":34,"column":8},"end":{"line":34,"column":null}},"16":{"start":{"line":36,"column":6},"end":{"line":36,"column":null}},"17":{"start":{"line":39,"column":4},"end":{"line":39,"column":null}},"18":{"start":{"line":42,"column":22},"end":{"line":44,"column":null}},"19":{"start":{"line":43,"column":4},"end":{"line":43,"column":null}},"20":{"start":{"line":43,"column":22},"end":{"line":43,"column":73}},"21":{"start":{"line":46,"column":17},"end":{"line":46,"column":null}},"22":{"start":{"line":48,"column":2},"end":{"line":49,"column":null}},"23":{"start":{"line":54,"column":31},"end":{"line":60,"column":null}},"24":{"start":{"line":55,"column":8},"end":{"line":55,"column":null}},"25":{"start":{"line":56,"column":2},"end":{"line":58,"column":null}},"26":{"start":{"line":57,"column":4},"end":{"line":57,"column":null}},"27":{"start":{"line":59,"column":2},"end":{"line":59,"column":null}}},"fnMap":{"0":{"name":"(anonymous_0)","decl":{"start":{"line":15,"column":64},"end":{"line":15,"column":65}},"loc":{"start":{"line":15,"column":82},"end":{"line":51,"column":null}},"line":15},"1":{"name":"(anonymous_1)","decl":{"start":{"line":16,"column":44},"end":{"line":16,"column":50}},"loc":{"start":{"line":16,"column":50},"end":{"line":19,"column":3}},"line":16},"2":{"name":"(anonymous_2)","decl":{"start":{"line":21,"column":12},"end":{"line":21,"column":18}},"loc":{"start":{"line":21,"column":18},"end":{"line":40,"column":5}},"line":21},"3":{"name":"(anonymous_3)","decl":{"start":{"line":33,"column":21},"end":{"line":33,"column":27}},"loc":{"start":{"line":33,"column":27},"end":{"line":35,"column":null}},"line":33},"4":{"name":"(anonymous_4)","decl":{"start":{"line":42,"column":22},"end":{"line":42,"column":28}},"loc":{"start":{"line":42,"column":28},"end":{"line":44,"column":null}},"line":42},"5":{"name":"(anonymous_5)","decl":{"start":{"line":43,"column":13},"end":{"line":43,"column":22}},"loc":{"start":{"line":43,"column":22},"end":{"line":43,"column":73}},"line":43},"6":{"name":"(anonymous_6)","decl":{"start":{"line":54,"column":31},"end":{"line":54,"column":37}},"loc":{"start":{"line":54,"column":37},"end":{"line":60,"column":null}},"line":54}},"branchMap":{"0":{"loc":{"start":{"line":18,"column":12},"end":{"line":18,"column":null}},"type":"binary-expr","locations":[{"start":{"line":18,"column":12},"end":{"line":18,"column":32}},{"start":{"line":18,"column":32},"end":{"line":18,"column":null}}],"line":18},"1":{"loc":{"start":{"line":25,"column":4},"end":{"line":37,"column":null}},"type":"if","locations":[{"start":{"line":25,"column":4},"end":{"line":37,"column":null}},{"start":{"line":27,"column":11},"end":{"line":37,"column":null}}],"line":25},"2":{"loc":{"start":{"line":43,"column":22},"end":{"line":43,"column":73}},"type":"cond-expr","locations":[{"start":{"line":43,"column":46},"end":{"line":43,"column":60}},{"start":{"line":43,"column":60},"end":{"line":43,"column":73}}],"line":43},"3":{"loc":{"start":{"line":56,"column":2},"end":{"line":58,"column":null}},"type":"if","locations":[{"start":{"line":56,"column":2},"end":{"line":58,"column":null}},{"start":{},"end":{}}],"line":56}},"s":{"0":1,"1":1,"2":5,"3":4,"4":4,"5":5,"6":5,"7":5,"8":5,"9":4,"10":1,"11":1,"12":1,"13":1,"14":1,"15":0,"16":1,"17":5,"18":5,"19":1,"20":1,"21":5,"22":5,"23":1,"24":5,"25":5,"26":0,"27":5},"f":{"0":5,"1":4,"2":5,"3":0,"4":1,"5":1,"6":5},"b":{"0":[4,4],"1":[4,1],"2":[1,0],"3":[0,5]},"meta":{"lastBranch":4,"lastFunction":7,"lastStatement":28,"seen":{"s:13:6:13:Infinity":0,"s:15:64:51:Infinity":1,"f:15:64:15:65":0,"s:16:24:19:Infinity":2,"f:16:44:16:50":1,"s:17:19:17:Infinity":3,"s:18:4:18:Infinity":4,"b:18:12:18:32:18:32:18:Infinity":0,"s:21:2:40:Infinity":5,"f:21:12:21:18":2,"s:22:22:22:Infinity":6,"s:23:22:23:Infinity":7,"b:25:4:37:Infinity:27:11:37:Infinity":1,"s:25:4:37:Infinity":8,"s:26:6:26:Infinity":9,"s:28:19:28:Infinity":10,"s:29:6:29:Infinity":11,"s:30:6:30:Infinity":12,"s:31:6:31:Infinity":13,"s:33:6:35:Infinity":14,"f:33:21:33:27":3,"s:34:8:34:Infinity":15,"s:36:6:36:Infinity":16,"s:39:4:39:Infinity":17,"s:42:22:44:Infinity":18,"f:42:22:42:28":4,"s:43:4:43:Infinity":19,"f:43:13:43:22":5,"s:43:22:43:73":20,"b:43:46:43:60:43:60:43:73":2,"s:46:17:46:Infinity":21,"s:48:2:49:Infinity":22,"s:54:31:60:Infinity":23,"f:54:31:54:37":6,"s:55:8:55:Infinity":24,"b:56:2:58:Infinity:undefined:undefined:undefined:undefined":3,"s:56:2:58:Infinity":25,"s:57:4:57:Infinity":26,"s:59:2:59:Infinity":27}}}
,"/home/runner/work/java-resumes/java-resumes/frontend/src/hooks/useTheme.ts": {"path":"/home/runner/work/java-resumes/java-resumes/frontend/src/hooks/useTheme.ts","statementMap":{"0":{"start":{"line":3,"column":24},"end":{"line":5,"column":null}},"1":{"start":{"line":4,"column":2},"end":{"line":4,"column":null}}},"fnMap":{"0":{"name":"(anonymous_0)","decl":{"start":{"line":3,"column":24},"end":{"line":3,"column":30}},"loc":{"start":{"line":3,"column":30},"end":{"line":5,"column":null}},"line":3}},"branchMap":{},"s":{"0":1,"1":5},"f":{"0":5},"b":{},"meta":{"lastBranch":0,"lastFunction":1,"lastStatement":2,"seen":{"s:3:24:5:Infinity":0,"f:3:24:3:30":0,"s:4:2:4:Infinity":1}}}
,"/home/runner/work/java-resumes/java-resumes/frontend/src/services/api.ts": {"path":"/home/runner/work/java-resumes/java-resumes/frontend/src/services/api.ts","statementMap":{"0":{"start":{"line":5,"column":33},"end":{"line":11,"column":null}},"1":{"start":{"line":13,"column":0},"end":{"line":19,"column":null}},"2":{"start":{"line":14,"column":14},"end":{"line":14,"column":null}},"3":{"start":{"line":16,"column":25},"end":{"line":16,"column":null}},"4":{"start":{"line":17,"column":4},"end":{"line":17,"column":null}}},"fnMap":{"0":{"name":"(anonymous_0)","decl":{"start":{"line":14,"column":2},"end":{"line":14,"column":14}},"loc":{"start":{"line":14,"column":14},"end":{"line":14,"column":null}},"line":14},"1":{"name":"(anonymous_1)","decl":{"start":{"line":15,"column":2},"end":{"line":15,"column":3}},"loc":{"start":{"line":15,"column":25},"end":{"line":18,"column":null}},"line":15}},"branchMap":{"0":{"loc":{"start":{"line":16,"column":25},"end":{"line":16,"column":null}},"type":"binary-expr","locations":[{"start":{"line":16,"column":25},"end":{"line":16,"column":49}},{"start":{"line":16,"column":49},"end":{"line":16,"column":66}},{"start":{"line":16,"column":66},"end":{"line":16,"column":null}}],"line":16}},"s":{"0":3,"1":3,"2":1,"3":4,"4":4},"f":{"0":1,"1":4},"b":{"0":[4,3,1]},"meta":{"lastBranch":1,"lastFunction":2,"lastStatement":5,"seen":{"s:5:33:11:Infinity":0,"s:13:0:19:Infinity":1,"f:14:2:14:14":0,"s:14:14:14:Infinity":2,"f:15:2:15:3":1,"s:16:25:16:Infinity":3,"b:16:25:16:49:16:49:16:66:16:66:16:Infinity":0,"s:17:4:17:Infinity":4}}}
,"/home/runner/work/java-resumes/java-resumes/frontend/src/utils/constants.ts": {"path":"/home/runner/work/java-resumes/java-resumes/frontend/src/utils/constants.ts","statementMap":{"0":{"start":{"line":1,"column":28},"end":{"line":1,"column":null}},"1":{"start":{"line":3,"column":29},"end":{"line":11,"column":null}},"2":{"start":{"line":13,"column":22},"end":{"line":16,"column":null}},"3":{"start":{"line":18,"column":33},"end":{"line":18,"column":null}},"4":{"start":{"line":20,"column":27},"end":{"line":23,"column":null}},"5":{"start":{"line":25,"column":31},"end":{"line":25,"column":null}},"6":{"start":{"line":27,"column":34},"end":{"line":30,"column":null}},"7":{"start":{"line":32,"column":26},"end":{"line":32,"column":null}},"8":{"start":{"line":34,"column":27},"end":{"line":34,"column":null}}},"fnMap":{},"branchMap":{"0":{"loc":{"start":{"line":1,"column":28},"end":{"line":1,"column":null}},"type":"binary-expr","locations":[{"start":{"line":1,"column":28},"end":{"line":1,"column":65}},{"start":{"line":1,"column":65},"end":{"line":1,"column":null}}],"line":1}},"s":{"0":6,"1":6,"2":6,"3":6,"4":6,"5":6,"6":6,"7":6,"8":6},"f":{},"b":{"0":[6,0]},"meta":{"lastBranch":1,"lastFunction":0,"lastStatement":9,"seen":{"s:1:28:1:Infinity":0,"b:1:28:1:65:1:65:1:Infinity":0,"s:3:29:11:Infinity":1,"s:13:22:16:Infinity":2,"s:18:33:18:Infinity":3,"s:20:27:23:Infinity":4,"s:25:31:25:Infinity":5,"s:27:34:30:Infinity":6,"s:32:26:32:Infinity":7,"s:34:27:34:Infinity":8}}}
,"/home/runner/work/java-resumes/java-resumes/frontend/src/utils/helpers.ts": {"path":"/home/runner/work/java-resumes/java-resumes/frontend/src/utils/helpers.ts","statementMap":{"0":{"start":{"line":1,"column":30},"end":{"line":7,"column":null}},"1":{"start":{"line":2,"column":2},"end":{"line":2,"column":null}},"2":{"start":{"line":2,"column":19},"end":{"line":2,"column":null}},"3":{"start":{"line":3,"column":12},"end":{"line":3,"column":null}},"4":{"start":{"line":4,"column":16},"end":{"line":4,"column":null}},"5":{"start":{"line":5,"column":12},"end":{"line":5,"column":null}},"6":{"start":{"line":6,"column":2},"end":{"line":6,"column":null}},"7":{"start":{"line":9,"column":26},"end":{"line":18,"column":null}},"8":{"start":{"line":10,"column":15},"end":{"line":10,"column":null}},"9":{"start":{"line":11,"column":2},"end":{"line":17,"column":null}},"10":{"start":{"line":20,"column":28},"end":{"line":29,"column":null}},"11":{"start":{"line":21,"column":14},"end":{"line":21,"column":null}},"12":{"start":{"line":22,"column":15},"end":{"line":22,"column":null}},"13":{"start":{"line":23,"column":2},"end":{"line":23,"column":null}},"14":{"start":{"line":24,"column":2},"end":{"line":24,"column":null}},"15":{"start":{"line":25,"column":2},"end":{"line":25,"column":null}},"16":{"start":{"line":26,"column":2},"end":{"line":26,"column":null}},"17":{"start":{"line":27,"column":2},"end":{"line":27,"column":null}},"18":{"start":{"line":28,"column":2},"end":{"line":28,"column":null}},"19":{"start":{"line":31,"column":24},"end":{"line":40,"column":null}},"20":{"start":{"line":36,"column":2},"end":{"line":39,"column":null}},"21":{"start":{"line":37,"column":4},"end":{"line":37,"column":null}},"22":{"start":{"line":38,"column":4},"end":{"line":38,"column":null}},"23":{"start":{"line":38,"column":33},"end":{"line":38,"column":48}}},"fnMap":{"0":{"name":"(anonymous_0)","decl":{"start":{"line":1,"column":30},"end":{"line":1,"column":31}},"loc":{"start":{"line":1,"column":57},"end":{"line":7,"column":null}},"line":1},"1":{"name":"(anonymous_1)","decl":{"start":{"line":9,"column":26},"end":{"line":9,"column":27}},"loc":{"start":{"line":9,"column":58},"end":{"line":18,"column":null}},"line":9},"2":{"name":"(anonymous_2)","decl":{"start":{"line":20,"column":28},"end":{"line":20,"column":29}},"loc":{"start":{"line":20,"column":68},"end":{"line":29,"column":null}},"line":20},"3":{"name":"(anonymous_3)","decl":{"start":{"line":31,"column":24},"end":{"line":31,"column":null}},"loc":{"start":{"line":34,"column":41},"end":{"line":40,"column":null}},"line":34},"4":{"name":"(anonymous_4)","decl":{"start":{"line":36,"column":9},"end":{"line":36,"column":13}},"loc":{"start":{"line":36,"column":37},"end":{"line":39,"column":null}},"line":36},"5":{"name":"(anonymous_5)","decl":{"start":{"line":38,"column":27},"end":{"line":38,"column":33}},"loc":{"start":{"line":38,"column":33},"end":{"line":38,"column":48}},"line":38}},"branchMap":{"0":{"loc":{"start":{"line":2,"column":2},"end":{"line":2,"column":null}},"type":"if","locations":[{"start":{"line":2,"column":2},"end":{"line":2,"column":null}},{"start":{},"end":{}}],"line":2}},"s":{"0":4,"1":13,"2":1,"3":12,"4":12,"5":12,"6":12,"7":4,"8":4,"9":4,"10":4,"11":1,"12":1,"13":1,"14":1,"15":1,"16":1,"17":1,"18":1,"19":4,"20":3,"21":5,"22":5,"23":3},"f":{"0":13,"1":4,"2":1,"3":3,"4":5,"5":3},"b":{"0":[1,12]},"meta":{"lastBranch":1,"lastFunction":6,"lastStatement":24,"seen":{"s:1:30:7:Infinity":0,"f:1:30:1:31":0,"b:2:2:2:Infinity:undefined:undefined:undefined:undefined":0,"s:2:2:2:Infinity":1,"s:2:19:2:Infinity":2,"s:3:12:3:Infinity":3,"s:4:16:4:Infinity":4,"s:5:12:5:Infinity":5,"s:6:2:6:Infinity":6,"s:9:26:18:Infinity":7,"f:9:26:9:27":1,"s:10:15:10:Infinity":8,"s:11:2:17:Infinity":9,"s:20:28:29:Infinity":10,"f:20:28:20:29":2,"s:21:14:21:Infinity":11,"s:22:15:22:Infinity":12,"s:23:2:23:Infinity":13,"s:24:2:24:Infinity":14,"s:25:2:25:Infinity":15,"s:26:2:26:Infinity":16,"s:27:2:27:Infinity":17,"s:28:2:28:Infinity":18,"s:31:24:40:Infinity":19,"f:31:24:31:Infinity":3,"s:36:2:39:Infinity":20,"f:36:9:36:13":4,"s:37:4:37:Infinity":21,"s:38:4:38:Infinity":22,"f:38:27:38:33":5,"s:38:33:38:48":23}}}
,"/home/runner/work/java-resumes/java-resumes/frontend/src/utils/validators.ts": {"path":"/home/runner/work/java-resumes/java-resumes/frontend/src/utils/validators.ts","statementMap":{"0":{"start":{"line":3,"column":28},"end":{"line":27,"column":null}},"1":{"start":{"line":7,"column":2},"end":{"line":9,"column":null}},"2":{"start":{"line":8,"column":4},"end":{"line":8,"column":null}},"3":{"start":{"line":11,"column":2},"end":{"line":16,"column":null}},"4":{"start":{"line":12,"column":4},"end":{"line":15,"column":null}},"5":{"start":{"line":18,"column":24},"end":{"line":18,"column":null}},"6":{"start":{"line":19,"column":2},"end":{"line":24,"column":null}},"7":{"start":{"line":20,"column":4},"end":{"line":23,"column":null}},"8":{"start":{"line":26,"column":2},"end":{"line":26,"column":null}},"9":{"start":{"line":29,"column":33},"end":{"line":39,"column":null}},"10":{"start":{"line":30,"column":2},"end":{"line":32,"column":null}},"11":{"start":{"line":31,"column":4},"end":{"line":31,"column":null}},"12":{"start":{"line":34,"column":2},"end":{"line":36,"column":null}},"13":{"start":{"line":35,"column":4},"end":{"line":35,"column":null}},"14":{"start":{"line":38,"column":2},"end":{"line":38,"column":null}},"15":{"start":{"line":41,"column":32},"end":{"line":43,"column":null}},"16":{"start":{"line":42,"column":2},"end":{"line":42,"column":null}}},"fnMap":{"0":{"name":"(anonymous_0)","decl":{"start":{"line":3,"column":28},"end":{"line":3,"column":null}},"loc":{"start":{"line":6,"column":41},"end":{"line":27,"column":null}},"line":6},"1":{"name":"(anonymous_1)","decl":{"start":{"line":29,"column":33},"end":{"line":29,"column":34}},"loc":{"start":{"line":29,"column":85},"end":{"line":39,"column":null}},"line":29},"2":{"name":"(anonymous_2)","decl":{"start":{"line":41,"column":32},"end":{"line":41,"column":33}},"loc":{"start":{"line":41,"column":62},"end":{"line":43,"column":null}},"line":41}},"branchMap":{"0":{"loc":{"start":{"line":7,"column":2},"end":{"line":9,"column":null}},"type":"if","locations":[{"start":{"line":7,"column":2},"end":{"line":9,"column":null}},{"start":{},"end":{}}],"line":7},"1":{"loc":{"start":{"line":11,"column":2},"end":{"line":16,"column":null}},"type":"if","locations":[{"start":{"line":11,"column":2},"end":{"line":16,"column":null}},{"start":{},"end":{}}],"line":11},"2":{"loc":{"start":{"line":19,"column":2},"end":{"line":24,"column":null}},"type":"if","locations":[{"start":{"line":19,"column":2},"end":{"line":24,"column":null}},{"start":{},"end":{}}],"line":19},"3":{"loc":{"start":{"line":30,"column":2},"end":{"line":32,"column":null}},"type":"if","locations":[{"start":{"line":30,"column":2},"end":{"line":32,"column":null}},{"start":{},"end":{}}],"line":30},"4":{"loc":{"start":{"line":30,"column":6},"end":{"line":30,"column":41}},"type":"binary-expr","locations":[{"start":{"line":30,"column":6},"end":{"line":30,"column":15}},{"start":{"line":30,"column":15},"end":{"line":30,"column":41}}],"line":30},"5":{"loc":{"start":{"line":34,"column":2},"end":{"line":36,"column":null}},"type":"if","locations":[{"start":{"line":34,"column":2},"end":{"line":36,"column":null}},{"start":{},"end":{}}],"line":34}},"s":{"0":4,"1":9,"2":0,"3":9,"4":1,"5":8,"6":9,"7":3,"8":5,"9":4,"10":7,"11":2,"12":5,"13":2,"14":3,"15":4,"16":8},"f":{"0":9,"1":7,"2":8},"b":{"0":[0,9],"1":[1,8],"2":[3,6],"3":[2,5],"4":[7,6],"5":[2,3]},"meta":{"lastBranch":6,"lastFunction":3,"lastStatement":17,"seen":{"s:3:28:27:Infinity":0,"f:3:28:3:Infinity":0,"b:7:2:9:Infinity:undefined:undefined:undefined:undefined":0,"s:7:2:9:Infinity":1,"s:8:4:8:Infinity":2,"b:11:2:16:Infinity:undefined:undefined:undefined:undefined":1,"s:11:2:16:Infinity":3,"s:12:4:15:Infinity":4,"s:18:24:18:Infinity":5,"b:19:2:24:Infinity:undefined:undefined:undefined:undefined":2,"s:19:2:24:Infinity":6,"s:20:4:23:Infinity":7,"s:26:2:26:Infinity":8,"s:29:33:39:Infinity":9,"f:29:33:29:34":1,"b:30:2:32:Infinity:undefined:undefined:undefined:undefined":3,"s:30:2:32:Infinity":10,"b:30:6:30:15:30:15:30:41":4,"s:31:4:31:Infinity":11,"b:34:2:36:Infinity:undefined:undefined:undefined:undefined":5,"s:34:2:36:Infinity":12,"s:35:4:35:Infinity":13,"s:38:2:38:Infinity":14,"s:41:32:43:Infinity":15,"f:41:32:41:33":2,"s:42:2:42:Infinity":16}}}
}
