TN:
SF:src/components/Common/ErrorBoundary.tsx
FN:15,(anonymous_0)
FN:20,(anonymous_1)
FN:24,(anonymous_2)
FN:28,(anonymous_3)
FNF:4
FNH:4
FNDA:8,(anonymous_0)
FNDA:1,(anonymous_1)
FNDA:3,(anonymous_2)
FNDA:13,(anonymous_3)
DA:16,8
DA:17,8
DA:21,6
DA:25,3
DA:29,13
DA:30,6
DA:40,7
LF:7
LH:7
BRDA:29,0,0,6
BRDA:29,0,1,7
BRDA:34,1,0,6
BRDA:34,1,1,0
BRF:4
BRH:3
end_of_record
TN:
SF:src/components/Common/LoadingSpinner.tsx
FN:9,(anonymous_0)
FNF:1
FNH:1
FNDA:6,(anonymous_0)
DA:9,4
DA:13,6
DA:17,6
LF:3
LH:3
BRDA:10,0,0,6
BRDA:11,1,0,6
BRDA:13,2,0,1
BRDA:13,2,1,5
BRDA:20,3,0,6
BRDA:20,3,1,5
BRF:6
BRH:6
end_of_record
TN:
SF:src/components/Common/SubmissionDialog.tsx
FN:9,(anonymous_0)
FN:12,(anonymous_1)
FN:19,(anonymous_2)
FN:20,(anonymous_3)
FN:29,(anonymous_4)
FNF:5
FNH:3
FNDA:5,(anonymous_0)
FNDA:5,(anonymous_1)
FNDA:0,(anonymous_2)
FNDA:0,(anonymous_3)
FNDA:4,(anonymous_4)
DA:9,1
DA:10,5
DA:12,5
DA:13,5
DA:14,1
DA:15,1
DA:19,4
DA:20,0
DA:21,0
DA:22,0
DA:23,0
DA:25,0
DA:29,4
DA:32,5
LF:14
LH:9
BRDA:13,0,0,1
BRDA:13,0,1,4
BRDA:21,1,0,0
BRDA:21,1,1,0
BRF:4
BRH:2
end_of_record
TN:
SF:src/components/Forms/MarkdownToDocxForm.tsx
FN:14,(anonymous_0)
FN:22,(anonymous_1)
FN:38,(anonymous_2)
FN:45,(anonymous_3)
FN:53,(anonymous_4)
FN:61,(anonymous_5)
FNF:6
FNH:1
FNDA:15,(anonymous_0)
FNDA:0,(anonymous_1)
FNDA:0,(anonymous_2)
FNDA:0,(anonymous_3)
FNDA:0,(anonymous_4)
FNDA:0,(anonymous_5)
DA:14,2
DA:15,15
DA:16,15
DA:17,15
DA:19,15
DA:20,15
DA:22,15
DA:23,0
DA:24,0
DA:26,0
DA:27,0
DA:28,0
DA:29,0
DA:30,0
DA:33,0
DA:34,0
DA:35,0
DA:38,15
DA:39,0
DA:40,0
DA:41,0
DA:44,0
DA:45,0
DA:46,0
DA:47,0
DA:49,0
DA:53,15
DA:54,0
DA:55,0
DA:56,0
DA:57,0
DA:61,15
DA:62,0
DA:63,0
DA:64,0
DA:67,15
LF:36
LH:11
BRDA:24,0,0,0
BRDA:24,0,1,0
BRDA:27,1,0,0
BRDA:27,1,1,0
BRDA:28,2,0,0
BRDA:28,2,1,0
BRDA:39,3,0,0
BRDA:39,3,1,0
BRDA:49,4,0,0
BRDA:49,4,1,0
BRDA:54,5,0,0
BRDA:54,5,1,0
BRDA:54,6,0,0
BRDA:54,6,1,0
BRDA:82,7,0,15
BRDA:82,7,1,0
BRDA:83,8,0,15
BRDA:83,8,1,0
BRDA:134,9,0,15
BRDA:134,9,1,0
BRDA:145,10,0,15
BRDA:145,10,1,0
BRDA:158,11,0,15
BRDA:158,11,1,0
BRDA:167,12,0,15
BRDA:167,12,1,0
BRF:26
BRH:6
end_of_record
TN:
SF:src/components/Forms/MarkdownToPdfForm.tsx
FN:14,(anonymous_0)
FN:22,(anonymous_1)
FN:38,(anonymous_2)
FN:45,(anonymous_3)
FN:53,(anonymous_4)
FN:61,(anonymous_5)
FNF:6
FNH:1
FNDA:13,(anonymous_0)
FNDA:0,(anonymous_1)
FNDA:0,(anonymous_2)
FNDA:0,(anonymous_3)
FNDA:0,(anonymous_4)
FNDA:0,(anonymous_5)
DA:14,2
DA:15,13
DA:16,13
DA:17,13
DA:19,13
DA:20,13
DA:22,13
DA:23,0
DA:24,0
DA:26,0
DA:27,0
DA:28,0
DA:29,0
DA:30,0
DA:33,0
DA:34,0
DA:35,0
DA:38,13
DA:39,0
DA:40,0
DA:41,0
DA:44,0
DA:45,0
DA:46,0
DA:47,0
DA:49,0
DA:53,13
DA:54,0
DA:55,0
DA:56,0
DA:57,0
DA:61,13
DA:62,0
DA:63,0
DA:64,0
DA:67,13
LF:36
LH:11
BRDA:24,0,0,0
BRDA:24,0,1,0
BRDA:27,1,0,0
BRDA:27,1,1,0
BRDA:28,2,0,0
BRDA:28,2,1,0
BRDA:39,3,0,0
BRDA:39,3,1,0
BRDA:49,4,0,0
BRDA:49,4,1,0
BRDA:54,5,0,0
BRDA:54,5,1,0
BRDA:54,6,0,0
BRDA:54,6,1,0
BRDA:82,7,0,13
BRDA:82,7,1,0
BRDA:83,8,0,13
BRDA:83,8,1,0
BRDA:134,9,0,13
BRDA:134,9,1,0
BRDA:145,10,0,13
BRDA:145,10,1,0
BRDA:158,11,0,13
BRDA:158,11,1,0
BRDA:167,12,0,13
BRDA:167,12,1,0
BRF:26
BRH:6
end_of_record
TN:
SF:src/components/Layout/Navbar.tsx
FN:5,(anonymous_0)
FNF:1
FNH:1
FNDA:5,(anonymous_0)
DA:5,1
DA:6,5
DA:9,5
DA:30,5
LF:4
LH:4
BRDA:17,0,0,1
BRDA:17,0,1,4
BRDA:21,1,0,1
BRDA:21,1,1,4
BRDA:24,2,0,1
BRDA:24,2,1,4
BRF:6
BRH:6
end_of_record
TN:
SF:src/components/Tabs/AdditionalToolsTab.tsx
FN:5,(anonymous_0)
FNF:1
FNH:1
FNDA:3,(anonymous_0)
DA:5,1
DA:6,3
LF:2
LH:2
BRF:0
BRH:0
end_of_record
TN:
SF:src/context/ThemeContext.tsx
FN:15,(anonymous_0)
FN:16,(anonymous_1)
FN:21,(anonymous_2)
FN:33,(anonymous_3)
FN:42,(anonymous_4)
FN:43,(anonymous_5)
FN:54,(anonymous_6)
FNF:7
FNH:6
FNDA:5,(anonymous_0)
FNDA:4,(anonymous_1)
FNDA:5,(anonymous_2)
FNDA:0,(anonymous_3)
FNDA:1,(anonymous_4)
FNDA:1,(anonymous_5)
FNDA:5,(anonymous_6)
DA:13,1
DA:15,1
DA:16,5
DA:17,4
DA:18,4
DA:21,5
DA:22,5
DA:23,5
DA:25,5
DA:26,4
DA:28,1
DA:29,1
DA:30,1
DA:31,1
DA:33,1
DA:34,0
DA:36,1
DA:39,5
DA:42,5
DA:43,1
DA:46,5
DA:48,5
DA:54,1
DA:55,5
DA:56,5
DA:57,0
DA:59,5
LF:27
LH:25
BRDA:18,0,0,4
BRDA:18,0,1,4
BRDA:25,1,0,4
BRDA:25,1,1,1
BRDA:43,2,0,1
BRDA:43,2,1,0
BRDA:56,3,0,0
BRDA:56,3,1,5
BRF:8
BRH:6
end_of_record
TN:
SF:src/hooks/useTheme.ts
FN:3,(anonymous_0)
FNF:1
FNH:1
FNDA:5,(anonymous_0)
DA:3,1
DA:4,5
LF:2
LH:2
BRF:0
BRH:0
end_of_record
TN:
SF:src/services/api.ts
FN:14,(anonymous_0)
FN:15,(anonymous_1)
FNF:2
FNH:2
FNDA:1,(anonymous_0)
FNDA:4,(anonymous_1)
DA:5,3
DA:13,3
DA:14,1
DA:16,4
DA:17,4
LF:5
LH:5
BRDA:16,0,0,4
BRDA:16,0,1,3
BRDA:16,0,2,1
BRF:3
BRH:3
end_of_record
TN:
SF:src/utils/constants.ts
FNF:0
FNH:0
DA:1,6
DA:3,6
DA:13,6
DA:18,6
DA:20,6
DA:25,6
DA:27,6
DA:32,6
DA:34,6
LF:9
LH:9
BRDA:1,0,0,6
BRDA:1,0,1,0
BRF:2
BRH:1
end_of_record
TN:
SF:src/utils/helpers.ts
FN:1,(anonymous_0)
FN:9,(anonymous_1)
FN:20,(anonymous_2)
FN:31,(anonymous_3)
FN:36,(anonymous_4)
FN:38,(anonymous_5)
FNF:6
FNH:6
FNDA:13,(anonymous_0)
FNDA:4,(anonymous_1)
FNDA:1,(anonymous_2)
FNDA:3,(anonymous_3)
FNDA:5,(anonymous_4)
FNDA:3,(anonymous_5)
DA:1,3
DA:2,13
DA:3,12
DA:4,12
DA:5,12
DA:6,12
DA:9,3
DA:10,4
DA:11,4
DA:20,3
DA:21,1
DA:22,1
DA:23,1
DA:24,1
DA:25,1
DA:26,1
DA:27,1
DA:28,1
DA:31,3
DA:36,3
DA:37,5
DA:38,5
LF:22
LH:22
BRDA:2,0,0,1
BRDA:2,0,1,12
BRF:2
BRH:2
end_of_record
TN:
SF:src/utils/validators.ts
FN:3,(anonymous_0)
FN:29,(anonymous_1)
FN:41,(anonymous_2)
FNF:3
FNH:3
FNDA:9,(anonymous_0)
FNDA:7,(anonymous_1)
FNDA:8,(anonymous_2)
DA:3,3
DA:7,9
DA:8,0
DA:11,9
DA:12,1
DA:18,8
DA:19,9
DA:20,3
DA:26,5
DA:29,3
DA:30,7
DA:31,2
DA:34,5
DA:35,2
DA:38,3
DA:41,3
DA:42,8
LF:17
LH:16
BRDA:7,0,0,0
BRDA:7,0,1,9
BRDA:11,1,0,1
BRDA:11,1,1,8
BRDA:19,2,0,3
BRDA:19,2,1,6
BRDA:30,3,0,2
BRDA:30,3,1,5
BRDA:30,4,0,7
BRDA:30,4,1,6
BRDA:34,5,0,2
BRDA:34,5,1,3
BRF:12
BRH:11
end_of_record
