TN:
SF:src/components/Common/LoadingSpinner.tsx
FN:9,(anonymous_0)
FNF:1
FNH:0
FNDA:0,(anonymous_0)
DA:9,2
DA:13,0
DA:17,0
LF:3
LH:1
BRDA:10,0,0,0
BRDA:11,1,0,0
BRDA:13,2,0,0
BRDA:13,2,1,0
BRDA:20,3,0,0
BRDA:20,3,1,0
BRF:6
BRH:0
end_of_record
TN:
SF:src/components/Common/SubmissionDialog.tsx
FN:9,(anonymous_0)
FN:12,(anonymous_1)
FN:19,(anonymous_2)
FN:20,(anonymous_3)
FN:29,(anonymous_4)
FNF:5
FNH:3
FNDA:5,(anonymous_0)
FNDA:5,(anonymous_1)
FNDA:0,(anonymous_2)
FNDA:0,(anonymous_3)
FNDA:4,(anonymous_4)
DA:9,1
DA:10,5
DA:12,5
DA:13,5
DA:14,1
DA:15,1
DA:19,4
DA:20,0
DA:21,0
DA:22,0
DA:23,0
DA:25,0
DA:29,4
DA:32,5
LF:14
LH:9
BRDA:13,0,0,1
BRDA:13,0,1,4
BRDA:21,1,0,0
BRDA:21,1,1,0
BRF:4
BRH:2
end_of_record
TN:
SF:src/components/Forms/MarkdownToDocxForm.tsx
FN:14,(anonymous_0)
FN:22,(anonymous_1)
FN:38,(anonymous_2)
FN:45,(anonymous_3)
FN:53,(anonymous_4)
FN:61,(anonymous_5)
FNF:6
FNH:1
FNDA:9,(anonymous_0)
FNDA:0,(anonymous_1)
FNDA:0,(anonymous_2)
FNDA:0,(anonymous_3)
FNDA:0,(anonymous_4)
FNDA:0,(anonymous_5)
DA:14,2
DA:15,9
DA:16,9
DA:17,9
DA:19,9
DA:20,9
DA:22,9
DA:23,0
DA:24,0
DA:26,0
DA:27,0
DA:28,0
DA:29,0
DA:30,0
DA:33,0
DA:34,0
DA:35,0
DA:38,9
DA:39,0
DA:40,0
DA:41,0
DA:44,0
DA:45,0
DA:46,0
DA:47,0
DA:49,0
DA:53,9
DA:54,0
DA:55,0
DA:56,0
DA:57,0
DA:61,9
DA:62,0
DA:63,0
DA:64,0
DA:67,9
LF:36
LH:11
BRDA:24,0,0,0
BRDA:24,0,1,0
BRDA:27,1,0,0
BRDA:27,1,1,0
BRDA:28,2,0,0
BRDA:28,2,1,0
BRDA:39,3,0,0
BRDA:39,3,1,0
BRDA:49,4,0,0
BRDA:49,4,1,0
BRDA:54,5,0,0
BRDA:54,5,1,0
BRDA:54,6,0,0
BRDA:54,6,1,0
BRDA:82,7,0,9
BRDA:82,7,1,0
BRDA:83,8,0,9
BRDA:83,8,1,0
BRDA:134,9,0,9
BRDA:134,9,1,0
BRDA:145,10,0,9
BRDA:145,10,1,0
BRDA:158,11,0,9
BRDA:158,11,1,0
BRDA:167,12,0,9
BRDA:167,12,1,0
BRF:26
BRH:6
end_of_record
TN:
SF:src/components/Forms/MarkdownToPdfForm.tsx
FN:14,(anonymous_0)
FN:22,(anonymous_1)
FN:38,(anonymous_2)
FN:45,(anonymous_3)
FN:53,(anonymous_4)
FN:61,(anonymous_5)
FNF:6
FNH:1
FNDA:3,(anonymous_0)
FNDA:0,(anonymous_1)
FNDA:0,(anonymous_2)
FNDA:0,(anonymous_3)
FNDA:0,(anonymous_4)
FNDA:0,(anonymous_5)
DA:14,1
DA:15,3
DA:16,3
DA:17,3
DA:19,3
DA:20,3
DA:22,3
DA:23,0
DA:24,0
DA:26,0
DA:27,0
DA:28,0
DA:29,0
DA:30,0
DA:33,0
DA:34,0
DA:35,0
DA:38,3
DA:39,0
DA:40,0
DA:41,0
DA:44,0
DA:45,0
DA:46,0
DA:47,0
DA:49,0
DA:53,3
DA:54,0
DA:55,0
DA:56,0
DA:57,0
DA:61,3
DA:62,0
DA:63,0
DA:64,0
DA:67,3
LF:36
LH:11
BRDA:24,0,0,0
BRDA:24,0,1,0
BRDA:27,1,0,0
BRDA:27,1,1,0
BRDA:28,2,0,0
BRDA:28,2,1,0
BRDA:39,3,0,0
BRDA:39,3,1,0
BRDA:49,4,0,0
BRDA:49,4,1,0
BRDA:54,5,0,0
BRDA:54,5,1,0
BRDA:54,6,0,0
BRDA:54,6,1,0
BRDA:82,7,0,3
BRDA:82,7,1,0
BRDA:83,8,0,3
BRDA:83,8,1,0
BRDA:134,9,0,3
BRDA:134,9,1,0
BRDA:145,10,0,3
BRDA:145,10,1,0
BRDA:158,11,0,3
BRDA:158,11,1,0
BRDA:167,12,0,3
BRDA:167,12,1,0
BRF:26
BRH:6
end_of_record
TN:
SF:src/components/Tabs/AdditionalToolsTab.tsx
FN:5,(anonymous_0)
FNF:1
FNH:1
FNDA:3,(anonymous_0)
DA:5,1
DA:6,3
LF:2
LH:2
BRF:0
BRH:0
end_of_record
TN:
SF:src/services/api.ts
FN:14,(anonymous_0)
FN:15,(anonymous_1)
FNF:2
FNH:0
FNDA:0,(anonymous_0)
FNDA:0,(anonymous_1)
DA:5,1
DA:13,1
DA:14,0
DA:16,0
DA:17,0
LF:5
LH:2
BRDA:16,0,0,0
BRDA:16,0,1,0
BRDA:16,0,2,0
BRF:3
BRH:0
end_of_record
TN:
SF:src/utils/constants.ts
FNF:0
FNH:0
DA:1,2
DA:3,2
DA:13,2
DA:18,2
DA:20,2
DA:25,2
DA:27,2
DA:32,2
DA:34,2
LF:9
LH:9
BRDA:1,0,0,2
BRDA:1,0,1,0
BRF:2
BRH:1
end_of_record
TN:
SF:src/utils/helpers.ts
FN:1,(anonymous_0)
FN:9,(anonymous_1)
FN:20,(anonymous_2)
FN:31,(anonymous_3)
FN:36,(anonymous_4)
FN:38,(anonymous_5)
FNF:6
FNH:0
FNDA:0,(anonymous_0)
FNDA:0,(anonymous_1)
FNDA:0,(anonymous_2)
FNDA:0,(anonymous_3)
FNDA:0,(anonymous_4)
FNDA:0,(anonymous_5)
DA:1,2
DA:2,0
DA:3,0
DA:4,0
DA:5,0
DA:6,0
DA:9,2
DA:10,0
DA:11,0
DA:20,2
DA:21,0
DA:22,0
DA:23,0
DA:24,0
DA:25,0
DA:26,0
DA:27,0
DA:28,0
DA:31,2
DA:36,0
DA:37,0
DA:38,0
LF:22
LH:4
BRDA:2,0,0,0
BRDA:2,0,1,0
BRF:2
BRH:0
end_of_record
TN:
SF:src/utils/validators.ts
FN:3,(anonymous_0)
FN:29,(anonymous_1)
FN:41,(anonymous_2)
FNF:3
FNH:0
FNDA:0,(anonymous_0)
FNDA:0,(anonymous_1)
FNDA:0,(anonymous_2)
DA:3,2
DA:7,0
DA:8,0
DA:11,0
DA:12,0
DA:18,0
DA:19,0
DA:20,0
DA:26,0
DA:29,2
DA:30,0
DA:31,0
DA:34,0
DA:35,0
DA:38,0
DA:41,2
DA:42,0
LF:17
LH:3
BRDA:7,0,0,0
BRDA:7,0,1,0
BRDA:11,1,0,0
BRDA:11,1,1,0
BRDA:19,2,0,0
BRDA:19,2,1,0
BRDA:30,3,0,0
BRDA:30,3,1,0
BRDA:30,4,0,0
BRDA:30,4,1,0
BRDA:34,5,0,0
BRDA:34,5,1,0
BRF:12
BRH:0
end_of_record
